[2016-04-18 12:56:39] my_logger.INFO: Hello world [] []
[2016-04-18 12:56:45] my_logger.INFO: Hello world [] []
[2016-04-18 12:56:46] my_logger.INFO: Hello world [] []
[2016-04-18 13:05:24] my_logger.INFO: Hello world [] []
[2016-04-18 13:05:27] my_logger.INFO: Persons list [] []
[2016-04-18 13:05:34] my_logger.INFO: Persons list [] []
[2016-04-18 13:07:31] my_logger.INFO: Persons list [] []
[2016-04-18 13:07:32] my_logger.INFO: Persons list [] []
[2016-04-18 13:10:36] my_logger.INFO: Persons list [] []
[2016-04-18 13:10:37] my_logger.INFO: Persons list [] []
[2016-04-18 13:10:38] my_logger.INFO: Persons list [] []
[2016-04-18 14:28:10] my_logger.INFO: Persons list [] []
[2016-04-18 14:31:48] my_logger.INFO: Persons list [] []
[2016-04-18 14:31:48] my_logger.INFO: Persons list [] []
[2016-04-18 14:32:45] my_logger.INFO: Persons list [] []
[2016-04-18 14:32:45] my_logger.INFO: Persons list [] []
[2016-04-18 14:32:52] my_logger.INFO: Persons list [] []
[2016-04-18 14:32:53] my_logger.INFO: Persons list [] []
[2016-04-18 14:32:53] my_logger.INFO: Persons list [] []
[2016-04-18 14:38:30] my_logger.INFO: Persons list [] []
[2016-04-18 14:40:14] my_logger.INFO: Persons list [] []
[2016-04-18 14:40:16] my_logger.INFO: Persons list [] []
[2016-04-18 14:40:54] my_logger.INFO: Persons list [] []
[2016-04-18 14:43:12] my_logger.INFO: Persons list [] []
[2016-04-18 14:43:14] my_logger.INFO: Persons list [] []
[2016-04-18 14:45:37] my_logger.INFO: Persons list [] []
[2016-04-18 14:45:38] my_logger.INFO: Persons list [] []
[2016-04-18 14:45:38] my_logger.INFO: Persons list [] []
[2016-04-18 14:53:52] my_logger.INFO: Person by id [] []
[2016-04-18 14:57:32] my_logger.INFO: 57110 [] []
[2016-04-18 14:59:39] my_logger.INFO: Person by id 57110 [] []
[2016-04-18 15:00:51] my_logger.INFO: Person by id 57110c5e87f2a62ba443f526 [] []
[2016-04-18 15:00:51] my_logger.INFO: Person by id 57110c5e87f2a62ba443f526 [] []
[2016-04-18 15:02:31] my_logger.INFO: Person by id 57110c5e87f2a62ba443f526 [] []
[2016-04-18 15:15:33] my_logger.INFO: Person by id 57110c5e87f2a62ba443f526 [] []
[2016-04-18 15:16:01] my_logger.INFO: Person by id 57110c5e87f2a62ba443f526 [] []
[2016-04-18 15:16:04] my_logger.INFO: Persons list [] []
[2016-04-18 15:16:06] my_logger.INFO: Persons list [] []
[2016-04-18 15:16:06] my_logger.INFO: Persons list [] []
[2016-04-18 15:16:07] my_logger.INFO: Persons list [] []
[2016-04-18 15:16:10] my_logger.INFO: Person by id 57110c5e87f2a62ba443f526 [] []
[2016-04-18 15:16:11] my_logger.INFO: Person by id 57110c5e87f2a62ba443f526 [] []
[2016-04-18 15:16:11] my_logger.INFO: Person by id 57110c5e87f2a62ba443f526 [] []
[2016-04-18 15:16:11] my_logger.INFO: Person by id 57110c5e87f2a62ba443f526 [] []
[2016-04-18 15:19:46] my_logger.INFO: Person by id 57110c5e87f2a62ba443f526 [] []
[2016-04-18 15:19:47] my_logger.INFO: Person by id 57110c5e87f2a62ba443f526 [] []
[2016-04-18 15:23:28] my_logger.INFO: Persons list [] []
[2016-04-18 15:23:29] my_logger.INFO: Persons list [] []
[2016-04-18 15:23:29] my_logger.INFO: Persons list [] []
[2016-04-18 15:23:41] my_logger.INFO: Persons list [] []
[2016-04-18 15:23:42] my_logger.INFO: Persons list [] []
[2016-04-18 15:25:35] my_logger.INFO: Persons list [] []
[2016-04-18 15:26:13] my_logger.INFO: Persons list [] []
[2016-04-18 15:26:14] my_logger.INFO: Person by id 57110c5e87f2a62ba443f526 [] []
[2016-04-18 15:26:15] my_logger.INFO: Person by id 57110c5e87f2a62ba443f526 [] []
[2016-04-18 15:26:19] my_logger.INFO: Persons list [] []
[2016-04-18 15:32:53] my_logger.INFO: Persons list [] []
[2016-04-18 15:32:54] my_logger.INFO: Person by id 57110c5e87f2a62ba443f526 [] []
[2016-04-18 15:32:57] my_logger.INFO: Person by id 57110c5e87f2a62ba443f526 [] []
[2016-04-18 15:32:59] my_logger.INFO: Person by id 57110c5e87f2a62ba443f525 [] []
[2016-04-18 15:33:03] my_logger.INFO: Person by id 57110c5e87f2a62ba443f526 [] []
[2016-04-18 15:33:43] my_logger.INFO: Person by id 57110c5e87f2a62ba443f525 [] []
[2016-04-18 15:33:48] my_logger.INFO: Person by id 57110c5e87f2a62ba443f526 [] []
[2016-04-18 15:39:07] my_logger.INFO: Persons list [] []
[2016-04-18 15:39:08] my_logger.INFO: Persons list [] []
[2016-04-18 15:39:12] my_logger.INFO: Persons list [] []
[2016-04-18 15:41:22] my_logger.INFO: Person by id 57110c5e87f2a62ba443f526 [] []
[2016-04-18 15:41:25] my_logger.INFO: Person by id 57110c5e87f2a62ba443f526 [] []
[2016-04-18 15:42:01] my_logger.INFO: Persons list [] []
[2016-04-18 15:42:02] my_logger.INFO: Persons list [] []
[2016-04-18 15:42:07] my_logger.INFO: Persons list [] []
[2016-04-18 15:42:44] my_logger.INFO: Person by id 57110c5e87f2a62ba443f526 [] []
[2016-04-18 15:43:01] my_logger.INFO: Person by id 57110c5e87f2a62ba443f526 [] []
[2016-04-18 15:45:21] my_logger.INFO: Person by id 57110c5e87f2a62ba443f526 [] []
[2016-04-18 15:45:24] my_logger.INFO: Person by id 57110c5e87f2a62ba443f5267 [] []
[2016-04-18 16:01:38] my_logger.INFO: Persons list [] []
[2016-04-18 16:01:50] my_logger.INFO: Person by id 57110c5e87f2a62ba443f526 [] []
[2016-04-18 16:01:52] my_logger.INFO: Person by id 57110c5e87f2a62ba443f5267 [] []
[2016-04-18 16:03:13] my_logger.INFO: Person by id 57110c5e87f2a62ba443f5267 [] []
[2016-04-18 16:08:18] my_logger.INFO: Person by id 57110c5e87f2a62ba443f525 [] []
[2016-04-18 16:08:55] my_logger.INFO: Person by id 57110c5e87f2a62ba443f525 [] []
[2016-04-18 16:08:56] my_logger.INFO: Person by id 57110c5e87f2a62ba443f525 [] []
[2016-04-18 16:08:57] my_logger.INFO: Person by id 57110c5e87f2a62ba443f525 [] []
[2016-04-18 16:09:20] my_logger.INFO: Person by id 57110c5e87f2a62ba443f525 [] []
[2016-04-18 16:10:10] my_logger.INFO: Persons list [] []
[2016-04-18 16:10:13] my_logger.INFO: Person by id 57110c5e87f2a62ba443f525 [] []
[2016-04-18 16:10:14] my_logger.INFO: Person by id 57110c5e87f2a62ba443f525 [] []
[2016-04-18 16:10:21] my_logger.INFO: Person by id 57110c5e87f2a62ba443f526 [] []
[2016-04-18 16:10:30] my_logger.INFO: Persons list [] []
[2016-04-18 16:10:31] my_logger.INFO: Persons list [] []
[2016-04-18 16:10:31] my_logger.INFO: Persons list [] []
[2016-04-18 16:32:53] my_logger.INFO: Persons POST [] []
[2016-04-18 16:33:40] my_logger.INFO: Persons list [] []
[2016-04-18 16:57:14] my_logger.INFO: Persons POST [] []
[2016-04-18 16:57:14] my_logger.INFO: Data: Array [] []
[2016-04-18 16:58:05] my_logger.INFO: Persons POST [] []
[2016-04-18 16:58:05] my_logger.INFO: Data: {  "firstName" : "Emmet", "lastName": "Brown" } [] []
[2016-04-18 16:59:13] my_logger.INFO: Persons POST [] []
[2016-04-18 16:59:13] my_logger.INFO: Data: {  "firstName" : "Emmet", "lastName": "Brown" } [] []
[2016-04-18 17:00:09] my_logger.INFO: Persons POST [] []
[2016-04-18 17:00:09] my_logger.INFO: Data: {  "firstName" : "Emmet", "lastName": "Brown" } [] []
[2016-04-18 17:00:59] my_logger.INFO: Persons POST [] []
[2016-04-18 17:00:59] my_logger.INFO: Data: {  "firstName" : "Emmet", "lastName": "Brown" } [] []
[2016-04-18 17:04:00] my_logger.INFO: Persons POST [] []
[2016-04-18 17:04:00] my_logger.INFO: getBody: () [] []
[2016-04-18 17:04:00] my_logger.INFO: getParsedBody: () [] []
[2016-04-18 17:05:12] my_logger.INFO: Persons POST [] []
[2016-04-18 17:05:12] my_logger.INFO: getBody: {  "firstName" : "Emmet", "lastName": "Brown" } [] []
[2016-04-18 17:05:12] my_logger.INFO: getParsedBody: Array [] []
[2016-04-18 17:05:33] my_logger.INFO: Persons POST [] []
[2016-04-18 17:05:33] my_logger.INFO: getBody: {  "firstName" : "Emmet", "lastName": "Brown" } [] []
[2016-04-18 17:05:33] my_logger.INFO: getParsedBody: Array [] []
[2016-04-18 17:06:17] my_logger.INFO: Persons POST [] []
[2016-04-18 17:06:17] my_logger.INFO: getBody: {  "firstName" : "Emmet", "lastName": "Brown" } [] []
[2016-04-18 17:06:17] my_logger.INFO: getParsedBody: Array [] []
[2016-04-18 17:06:25] my_logger.INFO: Persons list [] []
[2016-04-18 17:30:38] my_logger.INFO: Persons POST [] []
[2016-04-18 17:31:10] my_logger.INFO: Persons POST [] []
[2016-04-18 17:31:10] my_logger.INFO: getBody: {  "firstName" : "Emmet", "lastName": "Brown" } [] []
[2016-04-18 17:31:10] my_logger.INFO: getParsedBody: Array [] []
[2016-04-18 17:31:34] my_logger.INFO: Persons POST [] []
[2016-04-18 17:33:04] my_logger.INFO: Persons POST [] []
[2016-04-18 17:33:10] my_logger.INFO: Persons POST [] []
[2016-04-18 17:33:14] my_logger.INFO: Persons POST [] []
[2016-04-18 18:04:33] my_logger.INFO: Persons list [] []
[2016-04-18 18:05:16] my_logger.INFO: Delete person by id 5715448a552f1b74eb6686f2 [] []
[2016-04-18 18:05:45] my_logger.INFO: Delete person by id 5715448a552f1b74eb6686f3 [] []
[2016-04-18 18:05:53] my_logger.INFO: Delete person by id 5715448a552f1b74eb6686f2 [] []
[2016-04-18 18:05:55] my_logger.INFO: Delete person by id 5715448a552f1b74eb6686f22 [] []
[2016-04-18 18:06:03] my_logger.INFO: Delete person by id 5715448a552f1b74eb6686f2 [] []
